3 is NOT perfect.
4 is NOT perfect.
5 is NOT perfect.
6 = 1 + 2 + 3
7 is NOT perfect.
8 is NOT perfect.
9 is NOT perfect.
10 is NOT perfect.
11 is NOT perfect.
12 is NOT perfect.
15 is NOT perfect.
20 is NOT perfect.
25 is NOT perfect.
28 = 1 + 2 + 4 + 7 + 14
30 is NOT perfect.
100 is NOT perfect.
200 is NOT perfect.
300 is NOT perfect.
400 is NOT perfect.
450 is NOT perfect.
495 is NOT perfect.
496 = 1 + 2 + 4 + 8 + 16 + 31 + 62 + 124 + 248
497 is NOT perfect.
500 is NOT perfect.
8125 is NOT perfect.
8126 is NOT perfect.
8127 is NOT perfect.
8128 = 1 + 2 + 4 + 8 + 16 + 32 + 64 + 127 + 254 + 508 + 1016 + 2032 + 4064
8129 is NOT perfect.
8130 is NOT perfect.
99998 is NOT perfect.
99999 is NOT perfect.
