1
1
9
1
0
9
0
90
0
900
0
9000
0
90000
0
900000
0
9000000
0
90000000
0
900000000
25920000
0
0
0
3456
192
0
136080
0
14400
0
0
0
0
0
0
0
360
216
0
0
3402000
26460
0
0
5376
64
0
0
0
0
54
0
0
2592
7560
0
0
3402
0
765450
72
0
24696
0
124416
279936
72
0
5376
112896
1152
0
945
4286520
0
7
8
0
0
0
2
2304000
0
725760
11760
85050
729
108
0
0
175000
1620
2430
1
0
25088
0
0
0
0
90
0
25920
0
0
0
512
9
0
0
0
28
0
26880
0
5670000
8
280
0
221184
4320
40
0
0
4200
0
0
0
2268
17640
0
280
0
0
0
0
967680
640
49
7
0
1008000
2449440
52920
51840
1
0
136080
0
0
6220800
367416
0
392
16200
0
0
16
0
52920
0
16934400
1
4480
2177280
0
0
9
0
559872
642978
1728
0
6
0
7
181440
1354752
0
0
0
0
864000
0
972000
64000
0
18144
0
0
4320
448
2352
0
0
448
0
0
103680
720
0
6
0
0
0
9922500
0
0
2058
3
378
0
0
0
0
0
0
45360
0
0
0
0
0
0
192
6
56
0
0
378
0
0
40
0
48
18
0
1720320
0
0
2
0
0
392
0
5
0
151200
6
4838400
0
15120
5927040
0
0
432000
0
0
2016000
315
6
0
0
0
0
2592
691200
0
5
0
0
0
42
8467200
40
0
576
0
640
405
306180
0
0
2520
0
0
63
0
324
1890
194400
0
4
432
0
8
81
68040
80
0
2592
1
5
0
0
0
0
0
0
0
0
0
0
1280
240
0
0
3240
163296
466560
0
0
0
0
0
0
0
0
0
12
0
30
0
0
2540160
0
900
0
27000
0
0
0
0
0
2
0
16
1728
9
0
52488
0
0
17010
0
0
725760
72
0
0
64
0
6
336
7
0
0
0
816480
0
0
0
40
0
40
0
0
0
5443200
0
0
0
0
0
0
0
0
7
0
0
0
0
16200
560
0
0
157464
7
0
0
0
0
0
0
35
0
645120
1134
0
1536
8573040
648000
10890936
6
2880
0
0
6
0
0
0
0
141120
0
0
0
0
2100
63
0
0
0
10800
46080
36
22680
0
9720
69120
302400
51840
1
2041200
336
4
4
8
0
25920
0
0
0
0
2688
1152
392000
1008
0
6
7
5400
0
0
0
48
85730400
1152
18
0
1530900
560
9
0
2880
0
0
9
0
5120
0
1680
0
0
0
21168
0
0
288000
0
2
0
900
7776000
0
0
0
1
