Case #1: 0 0
Case #2: 0 0
Case #3: 7 1
Case #4: 7 1
Case #5: 6 0
Case #6: 10 10
Case #7: 0 0
Case #8: 0 0
Case #9: 10 2
Case #10: 3 1
Case #11: 0 0
Case #12: 5 2
Case #13: 0 0
Case #14: 8 2
Case #15: 8 3
Case #16: 0 0
Case #17: 10 10
Case #18: 10 4
Case #19: 9 4
Case #20: 7 1
Case #21: 3 2
Case #22: 6 2
Case #23: 0 0
Case #24: 4 2
Case #25: 5 1
Case #26: 10 5
Case #27: 0 0
Case #28: 8 1
Case #29: 0 0
Case #30: 8 3
Case #31: 0 0
Case #32: 7 1
Case #33: 8 2
Case #34: 3 0
Case #35: 5 2
Case #36: 0 0
Case #37: 10 10
Case #38: 0 0
Case #39: 8 1
Case #40: 10 10
Case #41: 0 0
Case #42: 9 3
Case #43: 10 10
Case #44: 8 2
Case #45: 7 1
Case #46: 5 3
Case #47: 7 2
Case #48: 3 2
Case #49: 10 10
Case #50: 0 0
