6
89
1
1
1
121393
19169280
1
1
1
2
1
1875
1698693120
1274019840
1194393600
1528823808
1289945088
1698693120
1146617856
1528823808
2038431744
1274019840
1528823808
1811939328
1358954496
1358954496
1698693120
1433272320
1528823808
1698693120
1887436800
1528823808
1415577600
1509949440
1358954496
1358954496
1509949440
1698693120
1146617856
1811939328
1509949440
2038431744
1358954496
1610612736
1358954496
1887436800
1194393600
1358954496
1791590400
1509949440
1472200704
1911029760
1433272320
2038431744
2038431744
1811939328
2038431744
1811939328
1911029760
1146617856
1528823808
1146617856
2038431744
1433272320
1791590400
1528823808
1528823808
1719926784
2123366400
1358954496
1572864000
1194393600
2123366400
1274019840
1528823808
1179648000
1528823808
1358954496
2038431744
1132462080
1258291200
1207959552
1509949440
1698693120
1274019840
1146617856
2038431744
1274019840
1472200704
1911029760
