Monty 56.040684 Carlos 69.743064
Monty 12.000000 Carlos 6.000000
Monty 2.000000 Carlos 1.000000
Monty 0.000000 Carlos 0.000000
Monty 61.612963 Carlos 32.462963
Monty 6.750000 Carlos 4.000000
Monty 4.500000 Carlos 2.000000
Monty 23.333333 Carlos 15.500000
Monty 25.416667 Carlos 16.500000
Monty 12.000000 Carlos 6.000000
Monty 41.671429 Carlos 23.506944
Monty 2.000000 Carlos 1.000000
Monty 26.458333 Carlos 16.666667
Monty 14.666667 Carlos 9.000000
Monty 26.250000 Carlos 15.500000
Monty 27.036210 Carlos 21.444444
Monty 36.600000 Carlos 20.185185
Monty 8.000000 Carlos 3.000000
Monty 38.014286 Carlos 27.604167
Monty 8.000000 Carlos 3.000000
Monty 63.839790 Carlos 48.797759
Monty 43.479235 Carlos 35.278742
Monty 62.574501 Carlos 39.633745
Monty 59.613338 Carlos 43.686032
Monty 6.750000 Carlos 4.000000
Monty 23.750000 Carlos 15.500000
Monty 12.000000 Carlos 6.000000
Monty 34.200000 Carlos 22.500000
Monty 16.666667 Carlos 10.000000
Monty 2.000000 Carlos 1.000000
Monty 39.771429 Carlos 25.601852
Monty 12.000000 Carlos 6.000000
Monty 12.800000 Carlos 11.250000
Monty 14.000000 Carlos 9.750000
Monty 12.666667 Carlos 11.625000
Monty 14.933333 Carlos 11.625000
Monty 58.770833 Carlos 27.719907
Monty 51.041667 Carlos 30.375000
Monty 41.786508 Carlos 29.466628
Monty 27.000000 Carlos 11.250000
Monty 10.666667 Carlos 7.500000
Monty 26.458333 Carlos 18.000000
Monty 83.448555 Carlos 44.070998
Monty 38.100000 Carlos 20.833333
Monty 84.905435 Carlos 42.650399
Monty 82.234343 Carlos 48.229058
Monty 26.041667 Carlos 11.500000
Monty 4.500000 Carlos 2.000000
Monty 86.867048 Carlos 61.710199
Monty 56.719444 Carlos 25.277778
Monty 6.000000 Carlos 5.000000
Monty 4.500000 Carlos 4.000000
Monty 2.000000 Carlos 1.000000
Monty 53.127398 Carlos 38.912133
Monty 12.000000 Carlos 6.000000
Monty 26.639385 Carlos 22.913580
Monty 14.666667 Carlos 12.500000
Monty 6.750000 Carlos 4.000000
Monty 14.000000 Carlos 9.750000
Monty 2.000000 Carlos 1.000000
Monty 6.750000 Carlos 4.000000
Monty 12.800000 Carlos 11.250000
Monty 14.666667 Carlos 9.000000
Monty 0.000000 Carlos 0.000000
Monty 2.000000 Carlos 1.000000
Monty 2.000000 Carlos 1.000000
Monty 4.500000 Carlos 2.000000
Monty 26.964286 Carlos 20.083333
Monty 0.000000 Carlos 0.000000
Monty 0.000000 Carlos 0.000000
Monty 31.500000 Carlos 16.250000
Monty 51.450000 Carlos 21.500000
Monty 88.905330 Carlos 64.688909
Monty 75.415873 Carlos 38.673033
Monty 59.410340 Carlos 37.866255
Monty 37.500000 Carlos 18.750000
Monty 8.000000 Carlos 3.000000
Monty 77.232864 Carlos 48.964079
Monty 8.000000 Carlos 7.500000
Monty 25.416667 Carlos 13.833333
Monty 18.750000 Carlos 8.000000
Monty 14.000000 Carlos 9.750000
Monty 24.444444 Carlos 17.750000
Monty 6.000000 Carlos 5.000000
Monty 38.567857 Carlos 29.080826
Monty 89.539360 Carlos 68.663332
Monty 6.000000 Carlos 5.000000
Monty 64.012698 Carlos 42.335477
Monty 0.000000 Carlos 0.000000
Monty 39.628571 Carlos 22.627315
Monty 31.500000 Carlos 13.333333
Monty 4.500000 Carlos 2.000000
Monty 40.457143 Carlos 32.604167
Monty 12.000000 Carlos 6.000000
Monty 21.875000 Carlos 16.500000
Monty 63.114777 Carlos 47.261883
Monty 73.384730 Carlos 44.019162
Monty 24.444444 Carlos 17.750000
Monty 55.125000 Carlos 23.416667
Monty 12.000000 Carlos 6.000000
