0
0
3736925
5012975
10195646
246314
218061
1048395
2101407
4380019
7833820
3088507
4277239
2937171
3349626
11073733
12187518
2163564
4314613
8570513
17852096
226813
5326791
6979813
1873038
334878
126262
2982656
7439359
4034769
1346140
2274745
74824
756122
5901332
2328067
297410
407492
1483791
355238
880660
98534
3768340
4293597
2241501
10570101
9860480
4775941
161992
13202940
9402608
1691705
11850408
124036
2022750
5447850
3983692
1650338
1586705
970481
9351504
1547691
560461
579915
5247362
2955256
3827341
46831
4394328
4836341
3299799
0
4051569
749731
9693456
1119530
7328921
3391368
6331719
8456071
554621
3264463
939630
2742372
8692931
2675906
690313
2628066
3781467
6402501
6219132
1613313
3110835
0
2855435
7464367
8104491
17904625
10231308
5796771
