Vulcan
Romulan
-
'
English
English
Capital
zfnntxonlzuaclv
rayngtyprilvkrw
fwfuuoxjwaivnva
esixiisuttxonsd
kyhpbzhvdggapqt
oaovfbppjdwcfvi
lnsroozocvcoahy
qaoowlgeynosmwq
iwgafclngxfixua
xsxuyebxluhzfpv
onijzsotyjvrpby
shilrmntcyfoggn
mfrnxipnfxrzcht
ywltuheoqptwhbf
przagogcyygocab
xyrjbjgmtrqfamn
mzsrxaqtkwrinnu
vekzadqnzjfvfus
mjtsmcodeambtde
dizbmlxgcctngja
iteuqudithlbmnu
qaoowlgeynosmwq
tfwjukmngrcxnzf
mfrnxipnfxrzcht
vaitbuoqqxclgrw
mfrnxipnfxrzcht
shilrmntcyfoggn
shilrmntcyfoggn
mibtndhlgxgtmwn
vqbgukwynluvinl
pxhkmrejrsqviiq
opyebotouszqmzy
kfzmujidplstnxx
vqbgukwynluvinl
dizbmlxgcctngja
cibqofwpejeabob
cibqofwpejeabob
iwgafclngxfixua
rbfxwmfunoaiaam
sdpyegnlsrcxhnl
shilrmntcyfoggn
zcaxzplihrmkhgr
dizbmlxgcctngja
sdpyegnlsrcxhnl
lnsroozocvcoahy
sholuglrzcrcwjj
sdpyegnlsrcxhnl
qfhbxfrwaloefbm
zgcykrpjraqimzy
nwqxdfsptzupbua
qfhbxfrwaloefbm
jpqyexbfdhzrywb
zgcykrpjraqimzy
ksxbqfdmwsyekoy
efmtzwonwemqgbe
fpcqmgvzqpcsyhf
zfnntxonlzuaclv
ijsoptrhbtydnin
qsterpdxcukaoku
yujljrftzxaqwgx
przagogcyygocab
sholuglrzcrcwjj
efmtzwonwemqgbe
qaoowlgeynosmwq
esmcvkgmgdhuvbm
jcauczbpfebaase
ilorkwxfvyujpzx
oaovfbppjdwcfvi
cibqofwpejeabob
ksxbqfdmwsyekoy
tfwjukmngrcxnzf
iwgafclngxfixua
kdxienyaataxyoc
tfwjukmngrcxnzf
sajbediupkhkdvq
qyxjhcnsryssfzm
fpcqmgvzqpcsyhf
zgcykrpjraqimzy
qtnhjrleipqxnyw
ywltuheoqptwhbf
quuboqvhturckml
reoxauusenfiqrh
yewsbcxwulnshay
vqbgukwynluvinl
qaoowlgeynosmwq
bspojwyaxdgrfhl
baawraqqlddccoq
jpqyexbfdhzrywb
sbdzkjytloksktj
jtuqsruzhhxidqg
ilorkwxfvyujpzx
vekzadqnzjfvfus
qsterpdxcukaoku
mfrnxipnfxrzcht
vqbgukwynluvinl
apqeftpbfmvrxwp
txrhujuzlzlcohg
esixiisuttxonsd
sbdzkjytloksktj
fpcqmgvzqpcsyhf
bspojwyaxdgrfhl
qtevbsasszlkopb
jpqyexbfdhzrywb
baawraqqlddccoq
cqmwixeldxhmjjd
mzsrxaqtkwrinnu
bnqliuwyyqjwboz
rbfxwmfunoaiaam
vekzadqnzjfvfus
mibtndhlgxgtmwn
kdxienyaataxyoc
tfwjukmngrcxnzf
pxhkmrejrsqviiq
przagogcyygocab
xvgrysefmdqrvth
bnqliuwyyqjwboz
kyhpbzhvdggapqt
jtuqsruzhhxidqg
pfwrtnouxwuzolq
zqulovzdeyuidbp
efmtzwonwemqgbe
rvqlnjooayckmpy
lnsroozocvcoahy
xvgrysefmdqrvth
jcauczbpfebaase
efmtzwonwemqgbe
baawraqqlddccoq
kyhpbzhvdggapqt
rvqlnjooayckmpy
cqmwixeldxhmjjd
fpcqmgvzqpcsyhf
cqmwixeldxhmjjd
nxjgywqgufkjrnd
qfhbxfrwaloefbm
gwxflgbnfydkcwn
opyebotouszqmzy
xyrjbjgmtrqfamn
fpcqmgvzqpcsyhf
xyrjbjgmtrqfamn
hlnduogajbpqpfg
rbfxwmfunoaiaam
yujljrftzxaqwgx
yewsbcxwulnshay
qsterpdxcukaoku
qtnhjrleipqxnyw
qyxjhcnsryssfzm
hlnduogajbpqpfg
zgcykrpjraqimzy
tjtikjyunkeqtwa
jyfzqwpfdrihzll
quuboqvhturckml
ryhnecufcsjoyzw
kfzmujidplstnxx
tjtikjyunkeqtwa
zjghmrefsbjcork
qyxjhcnsryssfzm
onijzsotyjvrpby
qtevbsasszlkopb
sdpyegnlsrcxhnl
kbndnppvgbwdznt
gwxflgbnfydkcwn
oaovfbppjdwcfvi
kdxienyaataxyoc
xsxuyebxluhzfpv
ilorkwxfvyujpzx
oaovfbppjdwcfvi
pxhkmrejrsqviiq
pfwrtnouxwuzolq
lnsroozocvcoahy
xhoadgjpfbvswyu
qgxcxogzofratuf
xswqrzzdnbfxvgf
nwqxdfsptzupbua
quuboqvhturckml
qnxructfizmtmhm
sholuglrzcrcwjj
lqkpnjalmcxeham
fpcqmgvzqpcsyhf
oaovfbppjdwcfvi
nxjgywqgufkjrnd
kdxienyaataxyoc
qtnhjrleipqxnyw
ddhvzrykouijzqf
sholuglrzcrcwjj
efmtzwonwemqgbe
qsterpdxcukaoku
ksxbqfdmwsyekoy
pfwrtnouxwuzolq
rbfxwmfunoaiaam
rvqlnjooayckmpy
suverermkmnsiqe
kfzmujidplstnxx
apqeftpbfmvrxwp
kbndnppvgbwdznt
mibtndhlgxgtmwn
lbzvjhceayfkrto
jtuqsruzhhxidqg
przagogcyygocab
mzsrxaqtkwrinnu
zqulovzdeyuidbp
xyrjbjgmtrqfamn
iwgafclngxfixua
qnxructfizmtmhm
ijsoptrhbtydnin
gwxflgbnfydkcwn
kbndnppvgbwdznt
cqmwixeldxhmjjd
kjjpxgtfehzxqop
zjghmrefsbjcork
pfwrtnouxwuzolq
zgcykrpjraqimzy
quuboqvhturckml
ywltuheoqptwhbf
ahjaiboskculnci
vekzadqnzjfvfus
jyfzqwpfdrihzll
esixiisuttxonsd
ijsoptrhbtydnin
nxjgywqgufkjrnd
iwgafclngxfixua
suverermkmnsiqe
reoxauusenfiqrh
jtuqsruzhhxidqg
kjjpxgtfehzxqop
cnqbdycbpgakmfu
mibtndhlgxgtmwn
ywltuheoqptwhbf
suverermkmnsiqe
efmtzwonwemqgbe
przagogcyygocab
kyhpbzhvdggapqt
xsxuyebxluhzfpv
ijsoptrhbtydnin
jyfzqwpfdrihzll
zgcykrpjraqimzy
ijsoptrhbtydnin
kdxienyaataxyoc
nwqxdfsptzupbua
apqeftpbfmvrxwp
qtnhjrleipqxnyw
xsxuyebxluhzfpv
qtevbsasszlkopb
shilrmntcyfoggn
suverermkmnsiqe
onijzsotyjvrpby
txrhujuzlzlcohg
oaovfbppjdwcfvi
sajbediupkhkdvq
lnsroozocvcoahy
mfrnxipnfxrzcht
przagogcyygocab
shilrmntcyfoggn
mibtndhlgxgtmwn
ivymxrbvvcxmrcr
onijzsotyjvrpby
ryhnecufcsjoyzw
jyfzqwpfdrihzll
kyhpbzhvdggapqt
xsxuyebxluhzfpv
kjjpxgtfehzxqop
zqulovzdeyuidbp
pxhkmrejrsqviiq
dmzfbhfrkqrarkd
zfnntxonlzuaclv
kfzmujidplstnxx
lnsroozocvcoahy
ywltuheoqptwhbf
kdxienyaataxyoc
qtnhjrleipqxnyw
dmzfbhfrkqrarkd
bnqliuwyyqjwboz
dtqecclwrqzwzhk
jcauczbpfebaase
xsxuyebxluhzfpv
vekzadqnzjfvfus
zfnntxonlzuaclv
bnqliuwyyqjwboz
quuboqvhturckml
nwqxdfsptzupbua
jcauczbpfebaase
opyebotouszqmzy
ivymxrbvvcxmrcr
iteuqudithlbmnu
zgcykrpjraqimzy
oaovfbppjdwcfvi
bnqliuwyyqjwboz
jyfzqwpfdrihzll
cnqbdycbpgakmfu
xhoadgjpfbvswyu
rvqlnjooayckmpy
tjtikjyunkeqtwa
iteuqudithlbmnu
kdxienyaataxyoc
onijzsotyjvrpby
oaovfbppjdwcfvi
vqbgukwynluvinl
zqulovzdeyuidbp
baawraqqlddccoq
esmcvkgmgdhuvbm
pfwrtnouxwuzolq
rbfxwmfunoaiaam
lbzvjhceayfkrto
suverermkmnsiqe
shilrmntcyfoggn
fpcqmgvzqpcsyhf
mjtsmcodeambtde
sgmkgenuvmblgbt
gwxflgbnfydkcwn
qtevbsasszlkopb
kfzmujidplstnxx
nwqxdfsptzupbua
kbndnppvgbwdznt
lqkpnjalmcxeham
ahjaiboskculnci
qgxcxogzofratuf
qtevbsasszlkopb
onijzsotyjvrpby
gwxflgbnfydkcwn
ivymxrbvvcxmrcr
baawraqqlddccoq
tfwjukmngrcxnzf
qtevbsasszlkopb
jhxaidhfvfdksmt
qaoowlgeynosmwq
tjtikjyunkeqtwa
nxjgywqgufkjrnd
dtqecclwrqzwzhk
qnxructfizmtmhm
apqeftpbfmvrxwp
qtnhjrleipqxnyw
xvgrysefmdqrvth
jhxaidhfvfdksmt
tjtikjyunkeqtwa
zjghmrefsbjcork
sbdzkjytloksktj
ahjaiboskculnci
qyxjhcnsryssfzm
rbfxwmfunoaiaam
mzsrxaqtkwrinnu
shilrmntcyfoggn
vekzadqnzjfvfus
lbzvjhceayfkrto
mibtndhlgxgtmwn
pfwrtnouxwuzolq
rayngtyprilvkrw
xyrjbjgmtrqfamn
pfwrtnouxwuzolq
qnxructfizmtmhm
onijzsotyjvrpby
bnqliuwyyqjwboz
onijzsotyjvrpby
lnsroozocvcoahy
dizbmlxgcctngja
cqmwixeldxhmjjd
dmzfbhfrkqrarkd
rvqlnjooayckmpy
qfhbxfrwaloefbm
kmfdvynbgcwsdte
esixiisuttxonsd
przagogcyygocab
sholuglrzcrcwjj
pfwrtnouxwuzolq
onijzsotyjvrpby
cibqofwpejeabob
qfhbxfrwaloefbm
bspojwyaxdgrfhl
vekzadqnzjfvfus
vqbgukwynluvinl
pfwrtnouxwuzolq
cqmwixeldxhmjjd
efmtzwonwemqgbe
sholuglrzcrcwjj
jhxaidhfvfdksmt
ksxbqfdmwsyekoy
qtnhjrleipqxnyw
mjtsmcodeambtde
tjtikjyunkeqtwa
ilorkwxfvyujpzx
ryhnecufcsjoyzw
zgcykrpjraqimzy
xhoadgjpfbvswyu
tfwjukmngrcxnzf
xhoadgjpfbvswyu
mfrnxipnfxrzcht
vekzadqnzjfvfus
zfnntxonlzuaclv
iwgafclngxfixua
esixiisuttxonsd
bspojwyaxdgrfhl
cibqofwpejeabob
esmcvkgmgdhuvbm
mzsrxaqtkwrinnu
imiatqlavqamxgy
jyfzqwpfdrihzll
vekzadqnzjfvfus
xswqrzzdnbfxvgf
kyhpbzhvdggapqt
kfzmujidplstnxx
fpcqmgvzqpcsyhf
ywltuheoqptwhbf
lnsroozocvcoahy
iwgafclngxfixua
sdpyegnlsrcxhnl
shilrmntcyfoggn
efmtzwonwemqgbe
gwxflgbnfydkcwn
qtnhjrleipqxnyw
xsxuyebxluhzfpv
onijzsotyjvrpby
qaoowlgeynosmwq
rayngtyprilvkrw
kdxienyaataxyoc
bnqliuwyyqjwboz
esmcvkgmgdhuvbm
pxhkmrejrsqviiq
ywltuheoqptwhbf
suverermkmnsiqe
opyebotouszqmzy
tjtikjyunkeqtwa
zcaxzplihrmkhgr
kfzmujidplstnxx
fpcqmgvzqpcsyhf
jyfzqwpfdrihzll
hlnduogajbpqpfg
kyhpbzhvdggapqt
zqulovzdeyuidbp
zfnntxonlzuaclv
kyhpbzhvdggapqt
kdxienyaataxyoc
qnxructfizmtmhm
rvqlnjooayckmpy
cnqbdycbpgakmfu
opyebotouszqmzy
mzsrxaqtkwrinnu
pfwrtnouxwuzolq
esmcvkgmgdhuvbm
kdxienyaataxyoc
jcauczbpfebaase
kfzmujidplstnxx
esmcvkgmgdhuvbm
zfnntxonlzuaclv
zqulovzdeyuidbp
iteuqudithlbmnu
shilrmntcyfoggn
xvgrysefmdqrvth
esixiisuttxonsd
kjjpxgtfehzxqop
tfwjukmngrcxnzf
pfwrtnouxwuzolq
zfnntxonlzuaclv
qyxjhcnsryssfzm
gwxflgbnfydkcwn
jcauczbpfebaase
nwqxdfsptzupbua
hlnduogajbpqpfg
bnqliuwyyqjwboz
sdpyegnlsrcxhnl
ryhnecufcsjoyzw
iteuqudithlbmnu
ijsoptrhbtydnin
nxjgywqgufkjrnd
vqbgukwynluvinl
rayngtyprilvkrw
dizbmlxgcctngja
iwgafclngxfixua
kmfdvynbgcwsdte
kdxienyaataxyoc
nxjgywqgufkjrnd
rbfxwmfunoaiaam
quuboqvhturckml
cnqbdycbpgakmfu
efmtzwonwemqgbe
sdpyegnlsrcxhnl
jyfzqwpfdrihzll
sdpyegnlsrcxhnl
xswqrzzdnbfxvgf
lqkpnjalmcxeham
xvgrysefmdqrvth
apqeftpbfmvrxwp
rvqlnjooayckmpy
jyfzqwpfdrihzll
fwfuuoxjwaivnva
qnxructfizmtmhm
ivymxrbvvcxmrcr
bnqliuwyyqjwboz
zjghmrefsbjcork
mjtsmcodeambtde
sgmkgenuvmblgbt
xsxuyebxluhzfpv
efmtzwonwemqgbe
dizbmlxgcctngja
dtqecclwrqzwzhk
sholuglrzcrcwjj
iwgafclngxfixua
fwfuuoxjwaivnva
jcauczbpfebaase
jyfzqwpfdrihzll
vekzadqnzjfvfus
kfzmujidplstnxx
jcauczbpfebaase
iwgafclngxfixua
baawraqqlddccoq
esmcvkgmgdhuvbm
lqkpnjalmcxeham
rbfxwmfunoaiaam
mjtsmcodeambtde
dmzfbhfrkqrarkd
rvqlnjooayckmpy
rbfxwmfunoaiaam
qyxjhcnsryssfzm
mibtndhlgxgtmwn
zfnntxonlzuaclv
vqbgukwynluvinl
yujljrftzxaqwgx
vqbgukwynluvinl
apqeftpbfmvrxwp
vqbgukwynluvinl
ksxbqfdmwsyekoy
bnqliuwyyqjwboz
dmzfbhfrkqrarkd
vaitbuoqqxclgrw
xyrjbjgmtrqfamn
mibtndhlgxgtmwn
nwqxdfsptzupbua
lbzvjhceayfkrto
rayngtyprilvkrw
qfhbxfrwaloefbm
ijsoptrhbtydnin
yewsbcxwulnshay
esixiisuttxonsd
ryhnecufcsjoyzw
ksxbqfdmwsyekoy
iteuqudithlbmnu
sgmkgenuvmblgbt
przagogcyygocab
dmzfbhfrkqrarkd
oaovfbppjdwcfvi
qfhbxfrwaloefbm
xsxuyebxluhzfpv
cibqofwpejeabob
xhoadgjpfbvswyu
quuboqvhturckml
xswqrzzdnbfxvgf
xswqrzzdnbfxvgf
ijsoptrhbtydnin
zqulovzdeyuidbp
lnsroozocvcoahy
kfzmujidplstnxx
kdxienyaataxyoc
tfwjukmngrcxnzf
zjghmrefsbjcork
lqkpnjalmcxeham
yujljrftzxaqwgx
rayngtyprilvkrw
efmtzwonwemqgbe
kmfdvynbgcwsdte
imiatqlavqamxgy
tjtikjyunkeqtwa
imiatqlavqamxgy
mjtsmcodeambtde
lnsroozocvcoahy
zjghmrefsbjcork
kmfdvynbgcwsdte
mfrnxipnfxrzcht
kjjpxgtfehzxqop
pxhkmrejrsqviiq
tjtikjyunkeqtwa
ddhvzrykouijzqf
shilrmntcyfoggn
kmfdvynbgcwsdte
quuboqvhturckml
ilorkwxfvyujpzx
ddhvzrykouijzqf
lqkpnjalmcxeham
ijsoptrhbtydnin
hlnduogajbpqpfg
efmtzwonwemqgbe
kdxienyaataxyoc
gwxflgbnfydkcwn
ksxbqfdmwsyekoy
ksxbqfdmwsyekoy
jtuqsruzhhxidqg
mjtsmcodeambtde
dmzfbhfrkqrarkd
esmcvkgmgdhuvbm
qfhbxfrwaloefbm
sajbediupkhkdvq
hlnduogajbpqpfg
qgxcxogzofratuf
jhxaidhfvfdksmt
iwgafclngxfixua
kbndnppvgbwdznt
sholuglrzcrcwjj
lqkpnjalmcxeham
sajbediupkhkdvq
txrhujuzlzlcohg
qtnhjrleipqxnyw
lbzvjhceayfkrto
tjtikjyunkeqtwa
apqeftpbfmvrxwp
nwqxdfsptzupbua
imiatqlavqamxgy
jhxaidhfvfdksmt
mfrnxipnfxrzcht
dizbmlxgcctngja
cnqbdycbpgakmfu
pfwrtnouxwuzolq
zgcykrpjraqimzy
qyxjhcnsryssfzm
nwqxdfsptzupbua
rbfxwmfunoaiaam
qnxructfizmtmhm
imiatqlavqamxgy
opyebotouszqmzy
oaovfbppjdwcfvi
zqulovzdeyuidbp
dizbmlxgcctngja
rbfxwmfunoaiaam
efmtzwonwemqgbe
shilrmntcyfoggn
mzsrxaqtkwrinnu
kyhpbzhvdggapqt
qaoowlgeynosmwq
gwxflgbnfydkcwn
sbdzkjytloksktj
cqmwixeldxhmjjd
lqkpnjalmcxeham
jhxaidhfvfdksmt
ahjaiboskculnci
lbzvjhceayfkrto
tjtikjyunkeqtwa
mzsrxaqtkwrinnu
ywltuheoqptwhbf
vekzadqnzjfvfus
reoxauusenfiqrh
imiatqlavqamxgy
bspojwyaxdgrfhl
gwxflgbnfydkcwn
nxjgywqgufkjrnd
kfzmujidplstnxx
qtevbsasszlkopb
qaoowlgeynosmwq
kdxienyaataxyoc
qnxructfizmtmhm
zqulovzdeyuidbp
rbfxwmfunoaiaam
sdpyegnlsrcxhnl
vaitbuoqqxclgrw
jyfzqwpfdrihzll
lnsroozocvcoahy
dizbmlxgcctngja
pxhkmrejrsqviiq
txrhujuzlzlcohg
pxhkmrejrsqviiq
ksxbqfdmwsyekoy
jcauczbpfebaase
yewsbcxwulnshay
xsxuyebxluhzfpv
onijzsotyjvrpby
xhoadgjpfbvswyu
oaovfbppjdwcfvi
kfzmujidplstnxx
txrhujuzlzlcohg
vqbgukwynluvinl
dtqecclwrqzwzhk
ksxbqfdmwsyekoy
sbdzkjytloksktj
qaoowlgeynosmwq
rbfxwmfunoaiaam
zjghmrefsbjcork
apqeftpbfmvrxwp
oaovfbppjdwcfvi
qaoowlgeynosmwq
fpcqmgvzqpcsyhf
xvgrysefmdqrvth
tjtikjyunkeqtwa
xyrjbjgmtrqfamn
dmzfbhfrkqrarkd
hlnduogajbpqpfg
xyrjbjgmtrqfamn
jpqyexbfdhzrywb
apqeftpbfmvrxwp
qyxjhcnsryssfzm
sajbediupkhkdvq
oaovfbppjdwcfvi
xyrjbjgmtrqfamn
txrhujuzlzlcohg
ksxbqfdmwsyekoy
dtqecclwrqzwzhk
dmzfbhfrkqrarkd
ahjaiboskculnci
kmfdvynbgcwsdte
nxjgywqgufkjrnd
kbndnppvgbwdznt
mfrnxipnfxrzcht
yujljrftzxaqwgx
shilrmntcyfoggn
sbdzkjytloksktj
esmcvkgmgdhuvbm
cnqbdycbpgakmfu
vaitbuoqqxclgrw
qnxructfizmtmhm
bspojwyaxdgrfhl
fwfuuoxjwaivnva
quuboqvhturckml
txrhujuzlzlcohg
imiatqlavqamxgy
ahjaiboskculnci
qnxructfizmtmhm
ivymxrbvvcxmrcr
bnqliuwyyqjwboz
rayngtyprilvkrw
zfnntxonlzuaclv
ijsoptrhbtydnin
imiatqlavqamxgy
jcauczbpfebaase
sholuglrzcrcwjj
ddhvzrykouijzqf
imiatqlavqamxgy
imiatqlavqamxgy
mibtndhlgxgtmwn
vekzadqnzjfvfus
tfwjukmngrcxnzf
cibqofwpejeabob
zgcykrpjraqimzy
lnsroozocvcoahy
kfzmujidplstnxx
nwqxdfsptzupbua
mibtndhlgxgtmwn
jyfzqwpfdrihzll
xvgrysefmdqrvth
vqbgukwynluvinl
efmtzwonwemqgbe
imiatqlavqamxgy
jtuqsruzhhxidqg
dmzfbhfrkqrarkd
qfhbxfrwaloefbm
tfwjukmngrcxnzf
jpqyexbfdhzrywb
pfwrtnouxwuzolq
esixiisuttxonsd
baawraqqlddccoq
reoxauusenfiqrh
efmtzwonwemqgbe
opyebotouszqmzy
kfzmujidplstnxx
quuboqvhturckml
onijzsotyjvrpby
iteuqudithlbmnu
ksxbqfdmwsyekoy
qsterpdxcukaoku
kmfdvynbgcwsdte
lbzvjhceayfkrto
vqbgukwynluvinl
ilorkwxfvyujpzx
xhoadgjpfbvswyu
vekzadqnzjfvfus
esixiisuttxonsd
qtevbsasszlkopb
vqbgukwynluvinl
opyebotouszqmzy
efmtzwonwemqgbe
qsterpdxcukaoku
vaitbuoqqxclgrw
hlnduogajbpqpfg
kmfdvynbgcwsdte
xswqrzzdnbfxvgf
ksxbqfdmwsyekoy
tfwjukmngrcxnzf
efmtzwonwemqgbe
hlnduogajbpqpfg
vekzadqnzjfvfus
kfzmujidplstnxx
qtevbsasszlkopb
mibtndhlgxgtmwn
zjghmrefsbjcork
onijzsotyjvrpby
mibtndhlgxgtmwn
vaitbuoqqxclgrw
lnsroozocvcoahy
lnsroozocvcoahy
quuboqvhturckml
kbndnppvgbwdznt
sbdzkjytloksktj
xswqrzzdnbfxvgf
lbzvjhceayfkrto
kyhpbzhvdggapqt
rbfxwmfunoaiaam
tfwjukmngrcxnzf
kjjpxgtfehzxqop
lnsroozocvcoahy
mfrnxipnfxrzcht
xswqrzzdnbfxvgf
qnxructfizmtmhm
zgcykrpjraqimzy
nxjgywqgufkjrnd
jcauczbpfebaase
mibtndhlgxgtmwn
qfhbxfrwaloefbm
pxhkmrejrsqviiq
jyfzqwpfdrihzll
qnxructfizmtmhm
yewsbcxwulnshay
ahjaiboskculnci
ywltuheoqptwhbf
fpcqmgvzqpcsyhf
tjtikjyunkeqtwa
pfwrtnouxwuzolq
jtuqsruzhhxidqg
cnqbdycbpgakmfu
dizbmlxgcctngja
kbndnppvgbwdznt
iteuqudithlbmnu
iteuqudithlbmnu
oaovfbppjdwcfvi
qnxructfizmtmhm
sgmkgenuvmblgbt
nxjgywqgufkjrnd
esmcvkgmgdhuvbm
sdpyegnlsrcxhnl
dizbmlxgcctngja
dmzfbhfrkqrarkd
sgmkgenuvmblgbt
dizbmlxgcctngja
ksxbqfdmwsyekoy
lqkpnjalmcxeham
pfwrtnouxwuzolq
sdpyegnlsrcxhnl
jcauczbpfebaase
mfrnxipnfxrzcht
kmfdvynbgcwsdte
zjghmrefsbjcork
xvgrysefmdqrvth
jtuqsruzhhxidqg
hlnduogajbpqpfg
bnqliuwyyqjwboz
dizbmlxgcctngja
gwxflgbnfydkcwn
kfzmujidplstnxx
dmzfbhfrkqrarkd
mfrnxipnfxrzcht
gwxflgbnfydkcwn
zjghmrefsbjcork
kfzmujidplstnxx
przagogcyygocab
ahjaiboskculnci
dmzfbhfrkqrarkd
vqbgukwynluvinl
qtnhjrleipqxnyw
vekzadqnzjfvfus
nxjgywqgufkjrnd
fpcqmgvzqpcsyhf
bnqliuwyyqjwboz
pfwrtnouxwuzolq
qaoowlgeynosmwq
txrhujuzlzlcohg
jcauczbpfebaase
sajbediupkhkdvq
ksxbqfdmwsyekoy
zcaxzplihrmkhgr
suverermkmnsiqe
pxhkmrejrsqviiq
mzsrxaqtkwrinnu
reoxauusenfiqrh
fwfuuoxjwaivnva
xswqrzzdnbfxvgf
mzsrxaqtkwrinnu
zcaxzplihrmkhgr
qfhbxfrwaloefbm
jtuqsruzhhxidqg
qnxructfizmtmhm
vaitbuoqqxclgrw
gwxflgbnfydkcwn
jyfzqwpfdrihzll
mjtsmcodeambtde
ilorkwxfvyujpzx
cqmwixeldxhmjjd
vekzadqnzjfvfus
kdxienyaataxyoc
dmzfbhfrkqrarkd
qsterpdxcukaoku
rayngtyprilvkrw
sdpyegnlsrcxhnl
zqulovzdeyuidbp
zfnntxonlzuaclv
ilorkwxfvyujpzx
ivymxrbvvcxmrcr
fwfuuoxjwaivnva
qaoowlgeynosmwq
ksxbqfdmwsyekoy
lqkpnjalmcxeham
sgmkgenuvmblgbt
ryhnecufcsjoyzw
nwqxdfsptzupbua
jhxaidhfvfdksmt
lbzvjhceayfkrto
cqmwixeldxhmjjd
fwfuuoxjwaivnva
przagogcyygocab
dmzfbhfrkqrarkd
zjghmrefsbjcork
sajbediupkhkdvq
hlnduogajbpqpfg
qnxructfizmtmhm
txrhujuzlzlcohg
zjghmrefsbjcork
qtevbsasszlkopb
ksxbqfdmwsyekoy
shilrmntcyfoggn
rbfxwmfunoaiaam
dtqecclwrqzwzhk
yujljrftzxaqwgx
lqkpnjalmcxeham
jhxaidhfvfdksmt
zqulovzdeyuidbp
reoxauusenfiqrh
onijzsotyjvrpby
ryhnecufcsjoyzw
tfwjukmngrcxnzf
kfzmujidplstnxx
kdxienyaataxyoc
ahjaiboskculnci
dmzfbhfrkqrarkd
baawraqqlddccoq
kbndnppvgbwdznt
ilorkwxfvyujpzx
baawraqqlddccoq
kbndnppvgbwdznt
jyfzqwpfdrihzll
qnxructfizmtmhm
tfwjukmngrcxnzf
qaoowlgeynosmwq
apqeftpbfmvrxwp
kfzmujidplstnxx
vqbgukwynluvinl
yewsbcxwulnshay
qsterpdxcukaoku
qyxjhcnsryssfzm
yujljrftzxaqwgx
jyfzqwpfdrihzll
qaoowlgeynosmwq
jhxaidhfvfdksmt
xswqrzzdnbfxvgf
zjghmrefsbjcork
vqbgukwynluvinl
kyhpbzhvdggapqt
sajbediupkhkdvq
oaovfbppjdwcfvi
nxjgywqgufkjrnd
dtqecclwrqzwzhk
esixiisuttxonsd
vqbgukwynluvinl
jpqyexbfdhzrywb
txrhujuzlzlcohg
sholuglrzcrcwjj
xsxuyebxluhzfpv
qyxjhcnsryssfzm
mfrnxipnfxrzcht
quuboqvhturckml
dizbmlxgcctngja
qaoowlgeynosmwq
xsxuyebxluhzfpv
fwfuuoxjwaivnva
esmcvkgmgdhuvbm
kdxienyaataxyoc
fwfuuoxjwaivnva
qyxjhcnsryssfzm
zqulovzdeyuidbp
qaoowlgeynosmwq
yewsbcxwulnshay
ilorkwxfvyujpzx
xswqrzzdnbfxvgf
mzsrxaqtkwrinnu
kyhpbzhvdggapqt
ddhvzrykouijzqf
zfnntxonlzuaclv
bspojwyaxdgrfhl
nwqxdfsptzupbua
przagogcyygocab
jpqyexbfdhzrywb
imiatqlavqamxgy
iwgafclngxfixua
sholuglrzcrcwjj
mzsrxaqtkwrinnu
ksxbqfdmwsyekoy
zfnntxonlzuaclv
bnqliuwyyqjwboz
qfhbxfrwaloefbm
qsterpdxcukaoku
shilrmntcyfoggn
