Case #1: 974 34
Case #2: 951 5
Case #3: 165 165
Case #4: 941 5
Case #5: 474 29
Case #6: 961 13
Case #7: 796 16
Case #8: 982 25
Case #9: 981 38
Case #10: 1000 1000
Case #11: 952 7
Case #12: 0 0
Case #13: 0 0
Case #14: 576 15
Case #15: 983 38
Case #16: 622 30
Case #17: 975 19
Case #18: 0 0
Case #19: 985 44
Case #20: 966 22
Case #21: 0 0
Case #22: 1000 1000
Case #23: 0 0
Case #24: 592 9
Case #25: 959 24
Case #26: 977 44
Case #27: 982 71
Case #28: 1000 1000
Case #29: 0 0
Case #30: 830 7
Case #31: 923 8
Case #32: 975 24
Case #33: 0 0
Case #34: 988 61
Case #35: 864 67
Case #36: 0 0
Case #37: 949 28
Case #38: 989 39
Case #39: 952 8
Case #40: 927 15
Case #41: 0 0
Case #42: 952 7
Case #43: 16 16
Case #44: 226 13
Case #45: 994 42
Case #46: 976 30
Case #47: 71 4
Case #48: 428 45
Case #49: 127 7
Case #50: 0 0
